0 info it worked if it ends with ok
1 verbose cli [ 'node', '/usr/local/bin/npm', 'install', 'path.js' ]
2 info using npm@2.7.3
3 info using node@v0.12.1
4 verbose node symlink /usr/local/bin/node
5 silly cache add args [ 'path.js', null ]
6 verbose cache add spec path.js
7 silly cache add parsed spec { raw: 'path.js',
7 silly cache add   scope: null,
7 silly cache add   name: 'path.js',
7 silly cache add   rawSpec: '',
7 silly cache add   spec: '*',
7 silly cache add   type: 'range' }
8 verbose addNamed path.js@*
9 silly addNamed semver.valid null
10 silly addNamed semver.validRange *
11 silly addNameRange { name: 'path.js', range: '*', hasData: false }
12 silly mapToRegistry name path.js
13 silly mapToRegistry using default registry
14 silly mapToRegistry registry https://registry.npmjs.org/
15 silly mapToRegistry uri https://registry.npmjs.org/path.js
16 verbose addNameRange registry:https://registry.npmjs.org/path.js not in flight; fetching
17 verbose request uri https://registry.npmjs.org/path.js
18 verbose request no auth needed
19 info attempt registry request try #1 at 13:51:37
20 verbose request id a277c825e84db45d
21 http request GET https://registry.npmjs.org/path.js
22 http 404 https://registry.npmjs.org/path.js
23 verbose headers { date: 'Mon, 30 Mar 2015 20:51:37 GMT',
23 verbose headers   server: 'CouchDB/1.5.0 (Erlang OTP/R16B03)',
23 verbose headers   'content-type': 'application/json',
23 verbose headers   'cache-control': 'max-age=0',
23 verbose headers   'content-length': '51',
23 verbose headers   'accept-ranges': 'bytes',
23 verbose headers   via: '1.1 varnish',
23 verbose headers   age: '0',
23 verbose headers   'x-served-by': 'cache-sjc3129-SJC',
23 verbose headers   'x-cache': 'MISS',
23 verbose headers   'x-cache-hits': '0',
23 verbose headers   'x-timer': 'S1427748697.547432,VS0,VE90',
23 verbose headers   'keep-alive': 'timeout=10, max=50',
23 verbose headers   connection: 'Keep-Alive' }
24 silly get cb [ 404,
24 silly get   { date: 'Mon, 30 Mar 2015 20:51:37 GMT',
24 silly get     server: 'CouchDB/1.5.0 (Erlang OTP/R16B03)',
24 silly get     'content-type': 'application/json',
24 silly get     'cache-control': 'max-age=0',
24 silly get     'content-length': '51',
24 silly get     'accept-ranges': 'bytes',
24 silly get     via: '1.1 varnish',
24 silly get     age: '0',
24 silly get     'x-served-by': 'cache-sjc3129-SJC',
24 silly get     'x-cache': 'MISS',
24 silly get     'x-cache-hits': '0',
24 silly get     'x-timer': 'S1427748697.547432,VS0,VE90',
24 silly get     'keep-alive': 'timeout=10, max=50',
24 silly get     connection: 'Keep-Alive' } ]
25 verbose stack Error: 404 Not Found: path.js
25 verbose stack     at CachingRegistryClient.<anonymous> (/usr/local/lib/node_modules/npm/node_modules/npm-registry-client/lib/request.js:251:14)
25 verbose stack     at Request._callback (/usr/local/lib/node_modules/npm/node_modules/npm-registry-client/lib/request.js:178:14)
25 verbose stack     at Request.self.callback (/usr/local/lib/node_modules/npm/node_modules/request/request.js:344:22)
25 verbose stack     at Request.emit (events.js:110:17)
25 verbose stack     at Request.<anonymous> (/usr/local/lib/node_modules/npm/node_modules/request/request.js:1239:14)
25 verbose stack     at Request.emit (events.js:129:20)
25 verbose stack     at IncomingMessage.<anonymous> (/usr/local/lib/node_modules/npm/node_modules/request/request.js:1187:12)
25 verbose stack     at IncomingMessage.emit (events.js:129:20)
25 verbose stack     at _stream_readable.js:908:16
25 verbose stack     at process._tickCallback (node.js:355:11)
26 verbose statusCode 404
27 verbose pkgid path.js
28 verbose cwd /Users/jordan/GithubProjects/SierraYoga
29 error Darwin 14.1.0
30 error argv "node" "/usr/local/bin/npm" "install" "path.js"
31 error node v0.12.1
32 error npm  v2.7.3
33 error code E404
34 error 404 Not Found: path.js
34 error 404
34 error 404 'path.js' is not in the npm registry.
34 error 404 You should bug the author to publish it (or use the name yourself!)
34 error 404 It was specified as a dependency of 'SierraYoga'
34 error 404
34 error 404 Note that you can also install from a
34 error 404 tarball, folder, http url, or git url.
35 verbose exit [ 1, true ]
